<?xml version="1.0" encoding="UTF-8"?>
<coverage generated="1744340850852" clover="3.2.0">
  <project timestamp="1744340850852" name="All files">
    <metrics statements="33" coveredstatements="31" conditionals="13" coveredconditionals="8" methods="2" coveredmethods="2" elements="48" coveredelements="41" complexity="0" loc="33" ncloc="33" packages="3" files="3" classes="3"/>
    <package name="controllers">
      <metrics statements="11" coveredstatements="9" conditionals="4" coveredconditionals="2" methods="1" coveredmethods="1"/>
      <file name="ChatController.js" path="/Users/z5289605/Documents/Project/mushu/backend/controllers/ChatController.js">
        <metrics statements="11" coveredstatements="9" conditionals="4" coveredconditionals="2" methods="1" coveredmethods="1"/>
        <line num="1" count="1" type="stmt"/>
        <line num="3" count="1" type="stmt"/>
        <line num="4" count="2" type="stmt"/>
        <line num="6" count="2" type="cond" truecount="2" falsecount="0"/>
        <line num="7" count="1" type="stmt"/>
        <line num="9" count="1" type="stmt"/>
        <line num="10" count="1" type="stmt"/>
        <line num="11" count="1" type="stmt"/>
        <line num="13" count="0" type="cond" truecount="0" falsecount="2"/>
        <line num="14" count="0" type="stmt"/>
        <line num="18" count="1" type="stmt"/>
      </file>
    </package>
    <package name="routes">
      <metrics statements="5" coveredstatements="5" conditionals="0" coveredconditionals="0" methods="0" coveredmethods="0"/>
      <file name="ChatRoutes.js" path="/Users/z5289605/Documents/Project/mushu/backend/routes/ChatRoutes.js">
        <metrics statements="5" coveredstatements="5" conditionals="0" coveredconditionals="0" methods="0" coveredmethods="0"/>
        <line num="1" count="1" type="stmt"/>
        <line num="2" count="1" type="stmt"/>
        <line num="3" count="1" type="stmt"/>
        <line num="5" count="1" type="stmt"/>
        <line num="7" count="1" type="stmt"/>
      </file>
    </package>
    <package name="utils">
      <metrics statements="17" coveredstatements="17" conditionals="9" coveredconditionals="6" methods="1" coveredmethods="1"/>
      <file name="gemini.js" path="/Users/z5289605/Documents/Project/mushu/backend/utils/gemini.js">
        <metrics statements="17" coveredstatements="17" conditionals="9" coveredconditionals="6" methods="1" coveredmethods="1"/>
        <line num="1" count="3" type="stmt"/>
        <line num="2" count="3" type="stmt"/>
        <line num="4" count="3" type="stmt"/>
        <line num="6" count="3" type="stmt"/>
        <line num="7" count="8" type="cond" truecount="4" falsecount="0"/>
        <line num="8" count="3" type="stmt"/>
        <line num="10" count="5" type="stmt"/>
        <line num="11" count="5" type="stmt"/>
        <line num="16" count="5" type="stmt"/>
        <line num="19" count="5" type="stmt"/>
        <line num="20" count="5" type="stmt"/>
        <line num="21" count="5" type="stmt"/>
        <line num="22" count="4" type="stmt"/>
        <line num="25" count="1" type="cond" truecount="1" falsecount="2"/>
        <line num="26" count="1" type="stmt"/>
        <line num="28" count="4" type="cond" truecount="1" falsecount="1"/>
        <line num="31" count="3" type="stmt"/>
      </file>
    </package>
  </project>
</coverage>
