{"/Users/z5289605/Documents/Project/mushu/backend/controllers/ChatController.js": {"path":"/Users/z5289605/Documents/Project/mushu/backend/controllers/ChatController.js","statementMap":{"0":{"start":{"line":1,"column":31},"end":{"line":1,"column":57}},"1":{"start":{"line":3,"column":13},"end":{"line":16,"column":1}},"2":{"start":{"line":4,"column":22},"end":{"line":4,"column":38}},"3":{"start":{"line":6,"column":2},"end":{"line":8,"column":3}},"4":{"start":{"line":7,"column":4},"end":{"line":7,"column":78}},"5":{"start":{"line":9,"column":2},"end":{"line":15,"column":3}},"6":{"start":{"line":10,"column":18},"end":{"line":10,"column":55}},"7":{"start":{"line":11,"column":4},"end":{"line":11,"column":24}},"8":{"start":{"line":13,"column":4},"end":{"line":13,"column":74}},"9":{"start":{"line":14,"column":4},"end":{"line":14,"column":75}},"10":{"start":{"line":18,"column":0},"end":{"line":18,"column":26}}},"fnMap":{"0":{"name":"(anonymous_0)","decl":{"start":{"line":3,"column":13},"end":{"line":3,"column":14}},"loc":{"start":{"line":3,"column":33},"end":{"line":16,"column":1}},"line":3}},"branchMap":{"0":{"loc":{"start":{"line":6,"column":2},"end":{"line":8,"column":3}},"type":"if","locations":[{"start":{"line":6,"column":2},"end":{"line":8,"column":3}},{"start":{},"end":{}}],"line":6},"1":{"loc":{"start":{"line":13,"column":35},"end":{"line":13,"column":72}},"type":"binary-expr","locations":[{"start":{"line":13,"column":35},"end":{"line":13,"column":55}},{"start":{"line":13,"column":59},"end":{"line":13,"column":72}}],"line":13}},"s":{"0":1,"1":1,"2":2,"3":2,"4":1,"5":1,"6":1,"7":1,"8":0,"9":0,"10":1},"f":{"0":2},"b":{"0":[1,1],"1":[0,0]},"_coverageSchema":"1a1c01bbd47fc00a2c39e90264f33305004495a9","hash":"f10fee09009700c659abc7499d0572e110b1e532"}
,"/Users/z5289605/Documents/Project/mushu/backend/routes/ChatRoutes.js": {"path":"/Users/z5289605/Documents/Project/mushu/backend/routes/ChatRoutes.js","statementMap":{"0":{"start":{"line":1,"column":16},"end":{"line":1,"column":34}},"1":{"start":{"line":2,"column":15},"end":{"line":2,"column":31}},"2":{"start":{"line":3,"column":17},"end":{"line":3,"column":57}},"3":{"start":{"line":5,"column":0},"end":{"line":5,"column":27}},"4":{"start":{"line":7,"column":0},"end":{"line":7,"column":24}}},"fnMap":{},"branchMap":{},"s":{"0":1,"1":1,"2":1,"3":1,"4":1},"f":{},"b":{},"_coverageSchema":"1a1c01bbd47fc00a2c39e90264f33305004495a9","hash":"ba6f858fddd240261ad6d24b25585c511a94ccfa"}
,"/Users/z5289605/Documents/Project/mushu/backend/utils/gemini.js": {"path":"/Users/z5289605/Documents/Project/mushu/backend/utils/gemini.js","statementMap":{"0":{"start":{"line":1,"column":14},"end":{"line":1,"column":30}},"1":{"start":{"line":2,"column":0},"end":{"line":2,"column":27}},"2":{"start":{"line":4,"column":23},"end":{"line":4,"column":49}},"3":{"start":{"line":6,"column":27},"end":{"line":29,"column":1}},"4":{"start":{"line":7,"column":2},"end":{"line":9,"column":3}},"5":{"start":{"line":8,"column":4},"end":{"line":8,"column":16}},"6":{"start":{"line":10,"column":19},"end":{"line":10,"column":127}},"7":{"start":{"line":11,"column":18},"end":{"line":15,"column":3}},"8":{"start":{"line":16,"column":17},"end":{"line":18,"column":3}},"9":{"start":{"line":19,"column":14},"end":{"line":19,"column":18}},"10":{"start":{"line":20,"column":2},"end":{"line":27,"column":3}},"11":{"start":{"line":21,"column":21},"end":{"line":21,"column":68}},"12":{"start":{"line":22,"column":4},"end":{"line":22,"column":70}},"13":{"start":{"line":25,"column":4},"end":{"line":25,"column":84}},"14":{"start":{"line":26,"column":4},"end":{"line":26,"column":29}},"15":{"start":{"line":28,"column":2},"end":{"line":28,"column":54}},"16":{"start":{"line":31,"column":0},"end":{"line":31,"column":40}}},"fnMap":{"0":{"name":"(anonymous_0)","decl":{"start":{"line":6,"column":27},"end":{"line":6,"column":28}},"loc":{"start":{"line":6,"column":50},"end":{"line":29,"column":1}},"line":6}},"branchMap":{"0":{"loc":{"start":{"line":7,"column":2},"end":{"line":9,"column":3}},"type":"if","locations":[{"start":{"line":7,"column":2},"end":{"line":9,"column":3}},{"start":{},"end":{}}],"line":7},"1":{"loc":{"start":{"line":7,"column":6},"end":{"line":7,"column":47}},"type":"binary-expr","locations":[{"start":{"line":7,"column":6},"end":{"line":7,"column":18}},{"start":{"line":7,"column":22},"end":{"line":7,"column":47}}],"line":7},"2":{"loc":{"start":{"line":25,"column":4},"end":{"line":25,"column":84}},"type":"binary-expr","locations":[{"start":{"line":25,"column":4},"end":{"line":25,"column":41}},{"start":{"line":25,"column":45},"end":{"line":25,"column":58}},{"start":{"line":25,"column":62},"end":{"line":25,"column":84}}],"line":25},"3":{"loc":{"start":{"line":28,"column":9},"end":{"line":28,"column":53}},"type":"binary-expr","locations":[{"start":{"line":28,"column":9},"end":{"line":28,"column":14}},{"start":{"line":28,"column":18},"end":{"line":28,"column":53}}],"line":28}},"s":{"0":3,"1":3,"2":3,"3":3,"4":8,"5":3,"6":5,"7":5,"8":5,"9":5,"10":5,"11":5,"12":4,"13":1,"14":1,"15":4,"16":3},"f":{"0":8},"b":{"0":[3,5],"1":[8,6],"2":[1,0,0],"3":[4,0]},"_coverageSchema":"1a1c01bbd47fc00a2c39e90264f33305004495a9","hash":"4102770a18d470fdd6ac3a70a1f1731be2f4c9d9"}
}
