TN:
SF:controllers/ChatController.js
FN:3,(anonymous_0)
FNF:1
FNH:1
FNDA:2,(anonymous_0)
DA:1,1
DA:3,1
DA:4,2
DA:6,2
DA:7,1
DA:9,1
DA:10,1
DA:11,1
DA:13,0
DA:14,0
DA:18,1
LF:11
LH:9
BRDA:6,0,0,1
BRDA:6,0,1,1
BRDA:13,1,0,0
BRDA:13,1,1,0
BRF:4
BRH:2
end_of_record
TN:
SF:routes/ChatRoutes.js
FNF:0
FNH:0
DA:1,1
DA:2,1
DA:3,1
DA:5,1
DA:7,1
LF:5
LH:5
BRF:0
BRH:0
end_of_record
TN:
SF:utils/gemini.js
FN:6,(anonymous_0)
FNF:1
FNH:1
FNDA:8,(anonymous_0)
DA:1,3
DA:2,3
DA:4,3
DA:6,3
DA:7,8
DA:8,3
DA:10,5
DA:11,5
DA:16,5
DA:19,5
DA:20,5
DA:21,5
DA:22,4
DA:25,1
DA:26,1
DA:28,4
DA:31,3
LF:17
LH:17
BRDA:7,0,0,3
BRDA:7,0,1,5
BRDA:7,1,0,8
BRDA:7,1,1,6
BRDA:25,2,0,1
BRDA:25,2,1,0
BRDA:25,2,2,0
BRDA:28,3,0,4
BRDA:28,3,1,0
BRF:9
BRH:6
end_of_record
